Change Component Designator: Old Designator=C1 New Designator=C19
Change Component Designator: Old Designator=C2 New Designator=C18
Change Component Designator: Old Designator=C3 New Designator=C17
Change Component Designator: Old Designator=C4 New Designator=C20
Change Component Designator: Old Designator=C5 New Designator=C21
Change Component Designator: Old Designator=C6 New Designator=C22
Change Component Designator: Old Designator=C7 New Designator=C23
Change Component Designator: Old Designator=C8 New Designator=C24
Change Component Designator: Old Designator=C9 New Designator=C25
Change Component Designator: Old Designator=C10 New Designator=C26
Change Component Designator: Old Designator=C11 New Designator=C27
Change Component Designator: Old Designator=C12 New Designator=C28
Change Component Designator: Old Designator=C13 New Designator=C29
Change Component Designator: Old Designator=C14 New Designator=C30
Change Component Designator: Old Designator=C15 New Designator=C31
Change Component Designator: Old Designator=C16 New Designator=C32
Change Component Designator: Old Designator=C17 New Designator=C33
Change Component Designator: Old Designator=C18 New Designator=C34
Change Component Designator: Old Designator=C19 New Designator=C35
Change Component Designator: Old Designator=C20 New Designator=C36
Change Component Designator: Old Designator=C21 New Designator=C37
Change Component Designator: Old Designator=C22 New Designator=C38
Change Component Designator: Old Designator=C23 New Designator=C39
Change Component Designator: Old Designator=C24 New Designator=C40
Change Component Designator: Old Designator=C25 New Designator=C41
Change Component Designator: Old Designator=C? New Designator=C1
Change Component Designator: Old Designator=C? New Designator=C2
Change Component Designator: Old Designator=C? New Designator=C3
Change Component Designator: Old Designator=C? New Designator=C4
Change Component Designator: Old Designator=C? New Designator=C5
Change Component Designator: Old Designator=C? New Designator=C6
Change Component Designator: Old Designator=C? New Designator=C7
Change Component Designator: Old Designator=C? New Designator=C8
Change Component Designator: Old Designator=C? New Designator=C9
Change Component Designator: Old Designator=C? New Designator=C10
Change Component Designator: Old Designator=C? New Designator=C11
Change Component Designator: Old Designator=C? New Designator=C12
Change Component Designator: Old Designator=C? New Designator=C13
Change Component Designator: Old Designator=C? New Designator=C14
Change Component Designator: Old Designator=C? New Designator=C15
Change Component Designator: Old Designator=C? New Designator=C16
Change Component Designator: Old Designator=D2 New Designator=D3
Change Component Designator: Old Designator=D3 New Designator=D4
Change Component Designator: Old Designator=D4 New Designator=D5
Change Component Designator: Old Designator=D5 New Designator=D2
Change Component Designator: Old Designator=D9 New Designator=D11
Change Component Designator: Old Designator=D10 New Designator=D12
Change Component Designator: Old Designator=D11 New Designator=D13
Change Component Designator: Old Designator=D12 New Designator=D9
Change Component Designator: Old Designator=D13 New Designator=D14
Change Component Designator: Old Designator=D14 New Designator=D15
Change Component Designator: Old Designator=D15 New Designator=D16
Change Component Designator: Old Designator=D16 New Designator=D10
Change Component Designator: Old Designator=D17 New Designator=D19
Change Component Designator: Old Designator=D18 New Designator=D20
Change Component Designator: Old Designator=D19 New Designator=D21
Change Component Designator: Old Designator=D20 New Designator=D22
Change Component Designator: Old Designator=D21 New Designator=D23
Change Component Designator: Old Designator=D22 New Designator=D24
Change Component Designator: Old Designator=D23 New Designator=D17
Change Component Designator: Old Designator=D24 New Designator=D18
Change Component Designator: Old Designator=D25 New Designator=D26
Change Component Designator: Old Designator=D26 New Designator=D27
Change Component Designator: Old Designator=D27 New Designator=D28
Change Component Designator: Old Designator=D28 New Designator=D30
Change Component Designator: Old Designator=D29 New Designator=D31
Change Component Designator: Old Designator=D30 New Designator=D32
Change Component Designator: Old Designator=D31 New Designator=D25
Change Component Designator: Old Designator=D32 New Designator=D29
Change Component Designator: Old Designator=D37 New Designator=D42
Change Component Designator: Old Designator=D38 New Designator=D37
Change Component Designator: Old Designator=D39 New Designator=D38
Change Component Designator: Old Designator=D40 New Designator=D39
Change Component Designator: Old Designator=D41 New Designator=D40
Change Component Designator: Old Designator=D42 New Designator=D41
Change Component Designator: Old Designator=K1 New Designator=K2
Change Component Designator: Old Designator=K2 New Designator=K3
Change Component Designator: Old Designator=K3 New Designator=K1
Change Component Designator: Old Designator=K5 New Designator=K6
Change Component Designator: Old Designator=K6 New Designator=K7
Change Component Designator: Old Designator=K7 New Designator=K8
Change Component Designator: Old Designator=K8 New Designator=K5
Change Component Designator: Old Designator=K9 New Designator=K10
Change Component Designator: Old Designator=K10 New Designator=K11
Change Component Designator: Old Designator=K11 New Designator=K12
Change Component Designator: Old Designator=K12 New Designator=K9
Change Component Designator: Old Designator=K13 New Designator=K14
Change Component Designator: Old Designator=K14 New Designator=K15
Change Component Designator: Old Designator=K15 New Designator=K16
Change Component Designator: Old Designator=K16 New Designator=K13
Change Component Designator: Old Designator=P1 New Designator=P3
Change Component Designator: Old Designator=P2 New Designator=P4
Change Component Designator: Old Designator=P3 New Designator=P1
Change Component Designator: Old Designator=P4 New Designator=P2
Change Component Designator: Old Designator=P5 New Designator=P7
Change Component Designator: Old Designator=P6 New Designator=P8
Change Component Designator: Old Designator=P7 New Designator=P5
Change Component Designator: Old Designator=P8 New Designator=P6
Change Component Designator: Old Designator=P9 New Designator=P11
Change Component Designator: Old Designator=P10 New Designator=P12
Change Component Designator: Old Designator=P11 New Designator=P9
Change Component Designator: Old Designator=P12 New Designator=P10
Change Component Designator: Old Designator=P13 New Designator=P15
Change Component Designator: Old Designator=P14 New Designator=P16
Change Component Designator: Old Designator=P15 New Designator=P13
Change Component Designator: Old Designator=P16 New Designator=P14
Change Component Designator: Old Designator=P17 New Designator=P19
Change Component Designator: Old Designator=P18 New Designator=P20
Change Component Designator: Old Designator=P19 New Designator=P17
Change Component Designator: Old Designator=P20 New Designator=P18
Change Component Designator: Old Designator=R2 New Designator=R3
Change Component Designator: Old Designator=R3 New Designator=R4
Change Component Designator: Old Designator=R4 New Designator=R5
Change Component Designator: Old Designator=R5 New Designator=R2
Change Component Designator: Old Designator=R9 New Designator=R10
Change Component Designator: Old Designator=R10 New Designator=R11
Change Component Designator: Old Designator=R11 New Designator=R12
Change Component Designator: Old Designator=R12 New Designator=R9
Change Component Designator: Old Designator=R13 New Designator=R14
Change Component Designator: Old Designator=R14 New Designator=R15
Change Component Designator: Old Designator=R15 New Designator=R16
Change Component Designator: Old Designator=R16 New Designator=R13
Change Component Designator: Old Designator=R17 New Designator=R18
Change Component Designator: Old Designator=R18 New Designator=R19
Change Component Designator: Old Designator=R19 New Designator=R20
Change Component Designator: Old Designator=R20 New Designator=R17
Change Component Designator: Old Designator=R21 New Designator=R22
Change Component Designator: Old Designator=R22 New Designator=R23
Change Component Designator: Old Designator=R23 New Designator=R24
Change Component Designator: Old Designator=R24 New Designator=R21
Change Component Designator: Old Designator=R25 New Designator=R26
Change Component Designator: Old Designator=R26 New Designator=R27
Change Component Designator: Old Designator=R27 New Designator=R28
Change Component Designator: Old Designator=R28 New Designator=R25
Change Component Designator: Old Designator=R29 New Designator=R30
Change Component Designator: Old Designator=R30 New Designator=R31
Change Component Designator: Old Designator=R31 New Designator=R32
Change Component Designator: Old Designator=R32 New Designator=R29
Change Component Designator: Old Designator=R41 New Designator=R45
Change Component Designator: Old Designator=R42 New Designator=R46
Change Component Designator: Old Designator=R43 New Designator=R47
Change Component Designator: Old Designator=R44 New Designator=R48
Change Component Designator: Old Designator=R45 New Designator=R41
Change Component Designator: Old Designator=R46 New Designator=R42
Change Component Designator: Old Designator=R47 New Designator=R43
Change Component Designator: Old Designator=R48 New Designator=R44
