Removed Pin From Net: NetName=VCC 5V Pin=U15-9
Removed Pin From Net: NetName=GND Pin=U15-10
Removed Pin From Net: NetName=SCL Pin=U15-12
Removed Pin From Net: NetName=SDA Pin=U15-13
Removed Pin From Net: NetName=AD0 Pin=U15-15
Removed Pin From Net: NetName=AD1 Pin=U15-16
Removed Pin From Net: NetName=AD2 Pin=U15-17
Removed Pin From Net: NetName=RESET Pin=U15-18
Change Component Designator: OldDesignator=D10 NewDesignator=D9
Change Component Designator: OldDesignator=D11 NewDesignator=D10
Change Component Designator: OldDesignator=D12 NewDesignator=D11
Change Component Designator: OldDesignator=D13 NewDesignator=D12
Change Component Designator: OldDesignator=D14 NewDesignator=D13
Change Component Designator: OldDesignator=D15 NewDesignator=D14
Change Component Designator: OldDesignator=D16 NewDesignator=D15
Change Component Designator: OldDesignator=D17 NewDesignator=D16
Change Component Designator: OldDesignator=D18 NewDesignator=D17
Change Component Designator: OldDesignator=D19 NewDesignator=D18
Change Component Designator: OldDesignator=D20 NewDesignator=D19
Change Component Designator: OldDesignator=D21 NewDesignator=D20
Change Component Designator: OldDesignator=D22 NewDesignator=D21
Change Component Designator: OldDesignator=D23 NewDesignator=D22
Change Component Designator: OldDesignator=D24 NewDesignator=D23
Change Component Designator: OldDesignator=D25 NewDesignator=D24
Change Component Designator: OldDesignator=D26 NewDesignator=D25
Change Component Designator: OldDesignator=D27 NewDesignator=D26
Change Component Designator: OldDesignator=D28 NewDesignator=D27
Change Component Designator: OldDesignator=D29 NewDesignator=D28
Change Component Designator: OldDesignator=D30 NewDesignator=D29
Change Component Designator: OldDesignator=D31 NewDesignator=D30
Change Component Designator: OldDesignator=D32 NewDesignator=D31
Change Component Designator: OldDesignator=D33 NewDesignator=D32
Change Component Designator: OldDesignator=D34 NewDesignator=D33
Change Component Designator: OldDesignator=D35 NewDesignator=D34
Change Component Designator: OldDesignator=D36 NewDesignator=D35
Change Component Designator: OldDesignator=D37 NewDesignator=D36
Change Component Designator: OldDesignator=D38 NewDesignator=D37
Change Component Designator: OldDesignator=D39 NewDesignator=D38
Change Component Designator: OldDesignator=D40 NewDesignator=D39
Change Component Designator: OldDesignator=D41 NewDesignator=D40
Change Component Designator: OldDesignator=D42 NewDesignator=D41
Change Component Designator: OldDesignator=D43 NewDesignator=D42
Change Component Designator: OldDesignator=D44 NewDesignator=D43
Change Component Designator: OldDesignator=D45 NewDesignator=D44
Change Component Designator: OldDesignator=D46 NewDesignator=D45
Change Component Designator: OldDesignator=D47 NewDesignator=D46
Change Component Designator: OldDesignator=D48 NewDesignator=D47
Change Component Designator: OldDesignator=D49 NewDesignator=D48
Change Component Designator: OldDesignator=D50 NewDesignator=D49
Change Component Designator: OldDesignator=D51 NewDesignator=D50
Change Component Designator: OldDesignator=D52 NewDesignator=D51
Change Component Designator: OldDesignator=U13 NewDesignator=U14
Change Component Designator: OldDesignator=U14 NewDesignator=U15
Added Component: Designator=U13(SOIC127P1030X265-28N)
Add component. Clean all parameters for all variants
Add component (AddParameter): Name = "Availability"; Value = "Unavailable"; VariantName = "[No Variations]"
Add component (AddParameter): Name = "MF"; Value = "Microchip"; VariantName = "[No Variations]"
Add component (AddParameter): Name = "MP"; Value = "MCP23017-E/SO"; VariantName = "[No Variations]"
Add component (AddParameter): Name = "Package"; Value = "SOIC-28 Microchip"; VariantName = "[No Variations]"
Add component (AddParameter): Name = "Price"; Value = "None"; VariantName = "[No Variations]"
Add component (AddParameter): Name = "SnapEDA_Link"; Value = "https://www.snapeda.com/parts/MCP23017-E/SO/Microchip/view-part/48467/?ref=snap"; VariantName = "[No Variations]"
Add component (AddParameter): Name = "Value"; Value = ""; VariantName = "[No Variations]"
Added Pin To Net: NetName=B0 Pin=U13-1
Added Pin To Net: NetName=B1 Pin=U13-2
Added Pin To Net: NetName=B2 Pin=U13-3
Added Pin To Net: NetName=B3 Pin=U13-4
Added Pin To Net: NetName=B4 Pin=U13-5
Added Pin To Net: NetName=B5 Pin=U13-6
Added Pin To Net: NetName=B6 Pin=U13-7
Added Pin To Net: NetName=B7 Pin=U13-8
Added Pin To Net: NetName=VCC 5V Pin=U13-9
Added Pin To Net: NetName=GND Pin=U13-10
Added Pin To Net: NetName=SCL Pin=U13-12
Added Pin To Net: NetName=SDA Pin=U13-13
Added Pin To Net: NetName=AD0 Pin=U13-15
Added Pin To Net: NetName=AD1 Pin=U13-16
Added Pin To Net: NetName=AD2 Pin=U13-17
Added Pin To Net: NetName=RESET Pin=U13-18
Added Pin To Net: NetName=A0 Pin=U13-21
Added Pin To Net: NetName=A1 Pin=U13-22
Added Pin To Net: NetName=A2 Pin=U13-23
Added Pin To Net: NetName=A3 Pin=U13-24
Added Pin To Net: NetName=A4 Pin=U13-25
Added Pin To Net: NetName=A5 Pin=U13-26
Added Pin To Net: NetName=A6 Pin=U13-27
Added Pin To Net: NetName=A7 Pin=U13-28
Change Net Name : Old Net Name=NetD10_1 New Net Name=NetD9_1
Change Net Name : Old Net Name=NetD10_2 New Net Name=NetD9_2
Change Net Name : Old Net Name=NetD11_1 New Net Name=NetD10_1
Change Net Name : Old Net Name=NetD11_2 New Net Name=NetD10_2
Change Net Name : Old Net Name=NetD12_1 New Net Name=NetD11_1
Change Net Name : Old Net Name=NetD12_2 New Net Name=NetD11_2
Change Net Name : Old Net Name=NetD13_1 New Net Name=NetD12_1
Change Net Name : Old Net Name=NetD13_2 New Net Name=NetD12_2
Change Net Name : Old Net Name=NetD14_2 New Net Name=NetD13_2
Change Net Name : Old Net Name=NetD15_2 New Net Name=NetD14_2
Change Net Name : Old Net Name=NetD16_2 New Net Name=NetD15_2
Change Net Name : Old Net Name=NetD17_2 New Net Name=NetD16_2
Change Net Name : Old Net Name=NetD18_1 New Net Name=NetD17_1
Change Net Name : Old Net Name=NetD18_2 New Net Name=NetD17_2
Change Net Name : Old Net Name=NetD19_1 New Net Name=NetD18_1
Change Net Name : Old Net Name=NetD19_2 New Net Name=NetD18_2
Change Net Name : Old Net Name=NetD20_1 New Net Name=NetD19_1
Change Net Name : Old Net Name=NetD20_2 New Net Name=NetD19_2
Change Net Name : Old Net Name=NetD21_2 New Net Name=NetD20_2
Change Net Name : Old Net Name=NetD22_2 New Net Name=NetD21_2
Change Net Name : Old Net Name=NetD23_2 New Net Name=NetD22_2
Change Net Name : Old Net Name=NetD24_1 New Net Name=NetD23_1
Change Net Name : Old Net Name=NetD24_2 New Net Name=NetD23_2
Change Net Name : Old Net Name=NetD25_2 New Net Name=NetD24_2
Change Net Name : Old Net Name=NetD26_1 New Net Name=NetD25_1
Change Net Name : Old Net Name=NetD26_2 New Net Name=NetD25_2
Change Net Name : Old Net Name=NetD27_1 New Net Name=NetD26_1
Change Net Name : Old Net Name=NetD27_2 New Net Name=NetD26_2
Change Net Name : Old Net Name=NetD28_1 New Net Name=NetD27_1
Change Net Name : Old Net Name=NetD28_2 New Net Name=NetD27_2
Change Net Name : Old Net Name=NetD29_2 New Net Name=NetD28_2
Change Net Name : Old Net Name=NetD30_2 New Net Name=NetD29_2
Change Net Name : Old Net Name=NetD31_2 New Net Name=NetD30_2
Change Net Name : Old Net Name=NetD32_1 New Net Name=NetD31_1
Change Net Name : Old Net Name=NetD32_2 New Net Name=NetD31_2
Change Net Name : Old Net Name=NetD33_2 New Net Name=NetD32_2
Change Net Name : Old Net Name=NetD34_1 New Net Name=NetD33_1
Change Net Name : Old Net Name=NetD35_1 New Net Name=NetD34_1
Change Net Name : Old Net Name=NetD36_1 New Net Name=NetD35_1
Change Net Name : Old Net Name=NetD37_1 New Net Name=NetD36_1
Change Net Name : Old Net Name=NetD38_1 New Net Name=NetD37_1
Change Net Name : Old Net Name=NetD39_1 New Net Name=NetD38_1
Change Net Name : Old Net Name=NetD40_1 New Net Name=NetD39_1
Change Net Name : Old Net Name=NetD41_1 New Net Name=NetD40_1
Change Net Name : Old Net Name=NetD42_1 New Net Name=NetD41_1
Change Net Name : Old Net Name=NetD44_2 New Net Name=NetD43_2
Change Net Name : Old Net Name=NetD45_1 New Net Name=NetD44_1
Change Net Name : Old Net Name=NetD46_1 New Net Name=NetD45_1
Change Net Name : Old Net Name=NetD47_1 New Net Name=NetD46_1
Change Net Name : Old Net Name=NetD48_1 New Net Name=NetD47_1
Change Net Name : Old Net Name=NetD49_1 New Net Name=NetD48_1
Change Net Name : Old Net Name=NetD50_1 New Net Name=NetD49_1
Change Net Name : Old Net Name=NetD51_1 New Net Name=NetD50_1
Change Net Name : Old Net Name=NetD52_1 New Net Name=NetD51_1
Added Room: Name=baicuoiki
