Removed Pin From Net: NetName=RELAY5 Pin=D6-1
Removed Pin From Net: NetName=RELAY6 Pin=D13-1
Removed Pin From Net: NetName=RELAY5 Pin=K1-1
Removed Pin From Net: NetName=RELAY6 Pin=K5-1
Change Component Designator: OldDesignator=C1 NewDesignator=C19
Change Component Designator: OldDesignator=C2 NewDesignator=C18
Change Component Designator: OldDesignator=C3 NewDesignator=C17
Change Component Designator: OldDesignator=C4 NewDesignator=C20
Change Component Designator: OldDesignator=C5 NewDesignator=C21
Change Component Designator: OldDesignator=C6 NewDesignator=C22
Change Component Designator: OldDesignator=C7 NewDesignator=C23
Change Component Designator: OldDesignator=C8 NewDesignator=C24
Change Component Designator: OldDesignator=C9 NewDesignator=C25
Change Component Designator: OldDesignator=C10 NewDesignator=C26
Change Component Designator: OldDesignator=C11 NewDesignator=C27
Change Component Designator: OldDesignator=C12 NewDesignator=C28
Change Component Designator: OldDesignator=C13 NewDesignator=C29
Change Component Designator: OldDesignator=C14 NewDesignator=C30
Change Component Designator: OldDesignator=C15 NewDesignator=C31
Change Component Designator: OldDesignator=C16 NewDesignator=C32
Change Component Designator: OldDesignator=C17 NewDesignator=C33
Change Component Designator: OldDesignator=C18 NewDesignator=C34
Change Component Designator: OldDesignator=C19 NewDesignator=C35
Change Component Designator: OldDesignator=C20 NewDesignator=C36
Change Component Designator: OldDesignator=C21 NewDesignator=C37
Change Component Designator: OldDesignator=C22 NewDesignator=C38
Change Component Designator: OldDesignator=C23 NewDesignator=C39
Change Component Designator: OldDesignator=C24 NewDesignator=C40
Change Component Designator: OldDesignator=C25 NewDesignator=C41
Change Component Designator: OldDesignator=D2 NewDesignator=D3
Change Component Designator: OldDesignator=D3 NewDesignator=D4
Change Component Designator: OldDesignator=D4 NewDesignator=D5
Change Component Designator: OldDesignator=D5 NewDesignator=D2
Change Component Designator: OldDesignator=D9 NewDesignator=D11
Change Component Designator: OldDesignator=D10 NewDesignator=D12
Change Component Designator: OldDesignator=D11 NewDesignator=D13
Change Component Designator: OldDesignator=D12 NewDesignator=D9
Change Component Designator: OldDesignator=D13 NewDesignator=D14
Change Component Designator: OldDesignator=D14 NewDesignator=D15
Change Component Designator: OldDesignator=D15 NewDesignator=D16
Change Component Designator: OldDesignator=D16 NewDesignator=D10
Change Component Designator: OldDesignator=D17 NewDesignator=D19
Change Component Designator: OldDesignator=D18 NewDesignator=D20
Change Component Designator: OldDesignator=D19 NewDesignator=D21
Change Component Designator: OldDesignator=D20 NewDesignator=D22
Change Component Designator: OldDesignator=D21 NewDesignator=D23
Change Component Designator: OldDesignator=D22 NewDesignator=D24
Change Component Designator: OldDesignator=D23 NewDesignator=D17
Change Component Designator: OldDesignator=D24 NewDesignator=D18
Change Component Designator: OldDesignator=D25 NewDesignator=D26
Change Component Designator: OldDesignator=D26 NewDesignator=D27
Change Component Designator: OldDesignator=D27 NewDesignator=D28
Change Component Designator: OldDesignator=D28 NewDesignator=D30
Change Component Designator: OldDesignator=D29 NewDesignator=D31
Change Component Designator: OldDesignator=D30 NewDesignator=D32
Change Component Designator: OldDesignator=D31 NewDesignator=D25
Change Component Designator: OldDesignator=D32 NewDesignator=D29
Change Component Designator: OldDesignator=D37 NewDesignator=D42
Change Component Designator: OldDesignator=D38 NewDesignator=D37
Change Component Designator: OldDesignator=D39 NewDesignator=D38
Change Component Designator: OldDesignator=D40 NewDesignator=D39
Change Component Designator: OldDesignator=D41 NewDesignator=D40
Change Component Designator: OldDesignator=D42 NewDesignator=D41
Change Component Designator: OldDesignator=K1 NewDesignator=K2
Change Component Designator: OldDesignator=K2 NewDesignator=K3
Change Component Designator: OldDesignator=K3 NewDesignator=K1
Change Component Designator: OldDesignator=K5 NewDesignator=K6
Change Component Designator: OldDesignator=K6 NewDesignator=K7
Change Component Designator: OldDesignator=K7 NewDesignator=K8
Change Component Designator: OldDesignator=K8 NewDesignator=K5
Change Component Designator: OldDesignator=K9 NewDesignator=K10
Change Component Designator: OldDesignator=K10 NewDesignator=K11
Change Component Designator: OldDesignator=K11 NewDesignator=K12
Change Component Designator: OldDesignator=K12 NewDesignator=K9
Change Component Designator: OldDesignator=K13 NewDesignator=K14
Change Component Designator: OldDesignator=K14 NewDesignator=K15
Change Component Designator: OldDesignator=K15 NewDesignator=K16
Change Component Designator: OldDesignator=K16 NewDesignator=K13
Change Component Designator: OldDesignator=P1 NewDesignator=P3
Change Component Designator: OldDesignator=P2 NewDesignator=P4
Change Component Designator: OldDesignator=P3 NewDesignator=P1
Change Component Designator: OldDesignator=P4 NewDesignator=P2
Change Component Designator: OldDesignator=P5 NewDesignator=P7
Change Component Designator: OldDesignator=P6 NewDesignator=P8
Change Component Designator: OldDesignator=P7 NewDesignator=P5
Change Component Designator: OldDesignator=P8 NewDesignator=P6
Change Component Designator: OldDesignator=P9 NewDesignator=P11
Change Component Designator: OldDesignator=P10 NewDesignator=P12
Change Component Designator: OldDesignator=P11 NewDesignator=P9
Change Component Designator: OldDesignator=P12 NewDesignator=P10
Change Component Designator: OldDesignator=P13 NewDesignator=P15
Change Component Designator: OldDesignator=P14 NewDesignator=P16
Change Component Designator: OldDesignator=P15 NewDesignator=P13
Change Component Designator: OldDesignator=P16 NewDesignator=P14
Change Component Designator: OldDesignator=P17 NewDesignator=P19
Change Component Designator: OldDesignator=P18 NewDesignator=P20
Change Component Designator: OldDesignator=P19 NewDesignator=P17
Change Component Designator: OldDesignator=P20 NewDesignator=P18
Change Component Designator: OldDesignator=R2 NewDesignator=R3
Change Component Designator: OldDesignator=R3 NewDesignator=R4
Change Component Designator: OldDesignator=R4 NewDesignator=R5
Change Component Designator: OldDesignator=R5 NewDesignator=R2
Change Component Designator: OldDesignator=R9 NewDesignator=R10
Change Component Designator: OldDesignator=R10 NewDesignator=R11
Change Component Designator: OldDesignator=R11 NewDesignator=R12
Change Component Designator: OldDesignator=R12 NewDesignator=R9
Change Component Designator: OldDesignator=R13 NewDesignator=R14
Change Component Designator: OldDesignator=R14 NewDesignator=R15
Change Component Designator: OldDesignator=R15 NewDesignator=R16
Change Component Designator: OldDesignator=R16 NewDesignator=R13
Change Component Designator: OldDesignator=R17 NewDesignator=R18
Change Component Designator: OldDesignator=R18 NewDesignator=R19
Change Component Designator: OldDesignator=R19 NewDesignator=R20
Change Component Designator: OldDesignator=R20 NewDesignator=R17
Change Component Designator: OldDesignator=R21 NewDesignator=R22
Change Component Designator: OldDesignator=R22 NewDesignator=R23
Change Component Designator: OldDesignator=R23 NewDesignator=R24
Change Component Designator: OldDesignator=R24 NewDesignator=R21
Change Component Designator: OldDesignator=R25 NewDesignator=R26
Change Component Designator: OldDesignator=R26 NewDesignator=R27
Change Component Designator: OldDesignator=R27 NewDesignator=R28
Change Component Designator: OldDesignator=R28 NewDesignator=R25
Change Component Designator: OldDesignator=R29 NewDesignator=R30
Change Component Designator: OldDesignator=R30 NewDesignator=R31
Change Component Designator: OldDesignator=R31 NewDesignator=R32
Change Component Designator: OldDesignator=R32 NewDesignator=R29
Change Component Designator: OldDesignator=R41 NewDesignator=R45
Change Component Designator: OldDesignator=R42 NewDesignator=R46
Change Component Designator: OldDesignator=R43 NewDesignator=R47
Change Component Designator: OldDesignator=R44 NewDesignator=R48
Change Component Designator: OldDesignator=R45 NewDesignator=R41
Change Component Designator: OldDesignator=R46 NewDesignator=R42
Change Component Designator: OldDesignator=R47 NewDesignator=R43
Change Component Designator: OldDesignator=R48 NewDesignator=R44
Added Component: Designator=C1(CAPC-0805 (2012))
Add component. Clean all parameters for all variants
Add component (AddParameter): Name = "Category"; Value = "CAPACITOR"; VariantName = "[No Variations]"
Add component (AddParameter): Name = "CompanyID"; Value = "VT-00292"; VariantName = "[No Variations]"
Add component (AddParameter): Name = "MFR"; Value = ""; VariantName = "[No Variations]"
Add component (AddParameter): Name = "MFR_URL"; Value = ""; VariantName = "[No Variations]"
Add component (AddParameter): Name = "MPN"; Value = "0805C225K8PAC7800"; VariantName = "[No Variations]"
Add component (AddParameter): Name = "PinCount"; Value = "2"; VariantName = "[No Variations]"
Add component (AddParameter): Name = "Solder"; Value = "SMT"; VariantName = "[No Variations]"
Add component (AddParameter): Name = "Value"; Value = "225/10V"; VariantName = "[No Variations]"
Added Component: Designator=C2(CAPC-0805 (2012))
Add component. Clean all parameters for all variants
Add component (AddParameter): Name = "Category"; Value = "CAPACITOR"; VariantName = "[No Variations]"
Add component (AddParameter): Name = "CompanyID"; Value = "VT-00292"; VariantName = "[No Variations]"
Add component (AddParameter): Name = "MFR"; Value = ""; VariantName = "[No Variations]"
Add component (AddParameter): Name = "MFR_URL"; Value = ""; VariantName = "[No Variations]"
Add component (AddParameter): Name = "MPN"; Value = "0805C225K8PAC7800"; VariantName = "[No Variations]"
Add component (AddParameter): Name = "PinCount"; Value = "2"; VariantName = "[No Variations]"
Add component (AddParameter): Name = "Solder"; Value = "SMT"; VariantName = "[No Variations]"
Add component (AddParameter): Name = "Value"; Value = "225/10V"; VariantName = "[No Variations]"
Added Component: Designator=C3(CAPC-0805 (2012))
Add component. Clean all parameters for all variants
Add component (AddParameter): Name = "Category"; Value = "CAPACITOR"; VariantName = "[No Variations]"
Add component (AddParameter): Name = "CompanyID"; Value = "VT-00292"; VariantName = "[No Variations]"
Add component (AddParameter): Name = "MFR"; Value = ""; VariantName = "[No Variations]"
Add component (AddParameter): Name = "MFR_URL"; Value = ""; VariantName = "[No Variations]"
Add component (AddParameter): Name = "MPN"; Value = "0805C225K8PAC7800"; VariantName = "[No Variations]"
Add component (AddParameter): Name = "PinCount"; Value = "2"; VariantName = "[No Variations]"
Add component (AddParameter): Name = "Solder"; Value = "SMT"; VariantName = "[No Variations]"
Add component (AddParameter): Name = "Value"; Value = "225/10V"; VariantName = "[No Variations]"
Added Component: Designator=C4(CAPC-0805 (2012))
Add component. Clean all parameters for all variants
Add component (AddParameter): Name = "Category"; Value = "CAPACITOR"; VariantName = "[No Variations]"
Add component (AddParameter): Name = "CompanyID"; Value = "VT-00292"; VariantName = "[No Variations]"
Add component (AddParameter): Name = "MFR"; Value = ""; VariantName = "[No Variations]"
Add component (AddParameter): Name = "MFR_URL"; Value = ""; VariantName = "[No Variations]"
Add component (AddParameter): Name = "MPN"; Value = "0805C225K8PAC7800"; VariantName = "[No Variations]"
Add component (AddParameter): Name = "PinCount"; Value = "2"; VariantName = "[No Variations]"
Add component (AddParameter): Name = "Solder"; Value = "SMT"; VariantName = "[No Variations]"
Add component (AddParameter): Name = "Value"; Value = "225/10V"; VariantName = "[No Variations]"
Added Component: Designator=C5(CAPC-0805 (2012))
Add component. Clean all parameters for all variants
Add component (AddParameter): Name = "Category"; Value = "CAPACITOR"; VariantName = "[No Variations]"
Add component (AddParameter): Name = "CompanyID"; Value = "VT-00292"; VariantName = "[No Variations]"
Add component (AddParameter): Name = "MFR"; Value = ""; VariantName = "[No Variations]"
Add component (AddParameter): Name = "MFR_URL"; Value = ""; VariantName = "[No Variations]"
Add component (AddParameter): Name = "MPN"; Value = "0805C225K8PAC7800"; VariantName = "[No Variations]"
Add component (AddParameter): Name = "PinCount"; Value = "2"; VariantName = "[No Variations]"
Add component (AddParameter): Name = "Solder"; Value = "SMT"; VariantName = "[No Variations]"
Add component (AddParameter): Name = "Value"; Value = "225/10V"; VariantName = "[No Variations]"
Added Component: Designator=C6(CAPC-0805 (2012))
Add component. Clean all parameters for all variants
Add component (AddParameter): Name = "Category"; Value = "CAPACITOR"; VariantName = "[No Variations]"
Add component (AddParameter): Name = "CompanyID"; Value = "VT-00292"; VariantName = "[No Variations]"
Add component (AddParameter): Name = "MFR"; Value = ""; VariantName = "[No Variations]"
Add component (AddParameter): Name = "MFR_URL"; Value = ""; VariantName = "[No Variations]"
Add component (AddParameter): Name = "MPN"; Value = "0805C225K8PAC7800"; VariantName = "[No Variations]"
Add component (AddParameter): Name = "PinCount"; Value = "2"; VariantName = "[No Variations]"
Add component (AddParameter): Name = "Solder"; Value = "SMT"; VariantName = "[No Variations]"
Add component (AddParameter): Name = "Value"; Value = "225/10V"; VariantName = "[No Variations]"
Added Component: Designator=C7(CAPC-0805 (2012))
Add component. Clean all parameters for all variants
Add component (AddParameter): Name = "Category"; Value = "CAPACITOR"; VariantName = "[No Variations]"
Add component (AddParameter): Name = "CompanyID"; Value = "VT-00292"; VariantName = "[No Variations]"
Add component (AddParameter): Name = "MFR"; Value = ""; VariantName = "[No Variations]"
Add component (AddParameter): Name = "MFR_URL"; Value = ""; VariantName = "[No Variations]"
Add component (AddParameter): Name = "MPN"; Value = "0805C225K8PAC7800"; VariantName = "[No Variations]"
Add component (AddParameter): Name = "PinCount"; Value = "2"; VariantName = "[No Variations]"
Add component (AddParameter): Name = "Solder"; Value = "SMT"; VariantName = "[No Variations]"
Add component (AddParameter): Name = "Value"; Value = "225/10V"; VariantName = "[No Variations]"
Added Component: Designator=C8(CAPC-0805 (2012))
Add component. Clean all parameters for all variants
Add component (AddParameter): Name = "Category"; Value = "CAPACITOR"; VariantName = "[No Variations]"
Add component (AddParameter): Name = "CompanyID"; Value = "VT-00292"; VariantName = "[No Variations]"
Add component (AddParameter): Name = "MFR"; Value = ""; VariantName = "[No Variations]"
Add component (AddParameter): Name = "MFR_URL"; Value = ""; VariantName = "[No Variations]"
Add component (AddParameter): Name = "MPN"; Value = "0805C225K8PAC7800"; VariantName = "[No Variations]"
Add component (AddParameter): Name = "PinCount"; Value = "2"; VariantName = "[No Variations]"
Add component (AddParameter): Name = "Solder"; Value = "SMT"; VariantName = "[No Variations]"
Add component (AddParameter): Name = "Value"; Value = "225/10V"; VariantName = "[No Variations]"
Added Component: Designator=C9(CAPC-0805 (2012))
Add component. Clean all parameters for all variants
Add component (AddParameter): Name = "Category"; Value = "CAPACITOR"; VariantName = "[No Variations]"
Add component (AddParameter): Name = "CompanyID"; Value = "VT-00292"; VariantName = "[No Variations]"
Add component (AddParameter): Name = "MFR"; Value = ""; VariantName = "[No Variations]"
Add component (AddParameter): Name = "MFR_URL"; Value = ""; VariantName = "[No Variations]"
Add component (AddParameter): Name = "MPN"; Value = "0805C225K8PAC7800"; VariantName = "[No Variations]"
Add component (AddParameter): Name = "PinCount"; Value = "2"; VariantName = "[No Variations]"
Add component (AddParameter): Name = "Solder"; Value = "SMT"; VariantName = "[No Variations]"
Add component (AddParameter): Name = "Value"; Value = "225/10V"; VariantName = "[No Variations]"
Added Component: Designator=C10(CAPC-0805 (2012))
Add component. Clean all parameters for all variants
Add component (AddParameter): Name = "Category"; Value = "CAPACITOR"; VariantName = "[No Variations]"
Add component (AddParameter): Name = "CompanyID"; Value = "VT-00292"; VariantName = "[No Variations]"
Add component (AddParameter): Name = "MFR"; Value = ""; VariantName = "[No Variations]"
Add component (AddParameter): Name = "MFR_URL"; Value = ""; VariantName = "[No Variations]"
Add component (AddParameter): Name = "MPN"; Value = "0805C225K8PAC7800"; VariantName = "[No Variations]"
Add component (AddParameter): Name = "PinCount"; Value = "2"; VariantName = "[No Variations]"
Add component (AddParameter): Name = "Solder"; Value = "SMT"; VariantName = "[No Variations]"
Add component (AddParameter): Name = "Value"; Value = "225/10V"; VariantName = "[No Variations]"
Added Component: Designator=C11(CAPC-0805 (2012))
Add component. Clean all parameters for all variants
Add component (AddParameter): Name = "Category"; Value = "CAPACITOR"; VariantName = "[No Variations]"
Add component (AddParameter): Name = "CompanyID"; Value = "VT-00292"; VariantName = "[No Variations]"
Add component (AddParameter): Name = "MFR"; Value = ""; VariantName = "[No Variations]"
Add component (AddParameter): Name = "MFR_URL"; Value = ""; VariantName = "[No Variations]"
Add component (AddParameter): Name = "MPN"; Value = "0805C225K8PAC7800"; VariantName = "[No Variations]"
Add component (AddParameter): Name = "PinCount"; Value = "2"; VariantName = "[No Variations]"
Add component (AddParameter): Name = "Solder"; Value = "SMT"; VariantName = "[No Variations]"
Add component (AddParameter): Name = "Value"; Value = "225/10V"; VariantName = "[No Variations]"
Added Component: Designator=C12(CAPC-0805 (2012))
Add component. Clean all parameters for all variants
Add component (AddParameter): Name = "Category"; Value = "CAPACITOR"; VariantName = "[No Variations]"
Add component (AddParameter): Name = "CompanyID"; Value = "VT-00292"; VariantName = "[No Variations]"
Add component (AddParameter): Name = "MFR"; Value = ""; VariantName = "[No Variations]"
Add component (AddParameter): Name = "MFR_URL"; Value = ""; VariantName = "[No Variations]"
Add component (AddParameter): Name = "MPN"; Value = "0805C225K8PAC7800"; VariantName = "[No Variations]"
Add component (AddParameter): Name = "PinCount"; Value = "2"; VariantName = "[No Variations]"
Add component (AddParameter): Name = "Solder"; Value = "SMT"; VariantName = "[No Variations]"
Add component (AddParameter): Name = "Value"; Value = "225/10V"; VariantName = "[No Variations]"
Added Component: Designator=C13(CAPC-0805 (2012))
Add component. Clean all parameters for all variants
Add component (AddParameter): Name = "Category"; Value = "CAPACITOR"; VariantName = "[No Variations]"
Add component (AddParameter): Name = "CompanyID"; Value = "VT-00292"; VariantName = "[No Variations]"
Add component (AddParameter): Name = "MFR"; Value = ""; VariantName = "[No Variations]"
Add component (AddParameter): Name = "MFR_URL"; Value = ""; VariantName = "[No Variations]"
Add component (AddParameter): Name = "MPN"; Value = "0805C225K8PAC7800"; VariantName = "[No Variations]"
Add component (AddParameter): Name = "PinCount"; Value = "2"; VariantName = "[No Variations]"
Add component (AddParameter): Name = "Solder"; Value = "SMT"; VariantName = "[No Variations]"
Add component (AddParameter): Name = "Value"; Value = "225/10V"; VariantName = "[No Variations]"
Added Component: Designator=C14(CAPC-0805 (2012))
Add component. Clean all parameters for all variants
Add component (AddParameter): Name = "Category"; Value = "CAPACITOR"; VariantName = "[No Variations]"
Add component (AddParameter): Name = "CompanyID"; Value = "VT-00292"; VariantName = "[No Variations]"
Add component (AddParameter): Name = "MFR"; Value = ""; VariantName = "[No Variations]"
Add component (AddParameter): Name = "MFR_URL"; Value = ""; VariantName = "[No Variations]"
Add component (AddParameter): Name = "MPN"; Value = "0805C225K8PAC7800"; VariantName = "[No Variations]"
Add component (AddParameter): Name = "PinCount"; Value = "2"; VariantName = "[No Variations]"
Add component (AddParameter): Name = "Solder"; Value = "SMT"; VariantName = "[No Variations]"
Add component (AddParameter): Name = "Value"; Value = "225/10V"; VariantName = "[No Variations]"
Added Component: Designator=C15(CAPC-0805 (2012))
Add component. Clean all parameters for all variants
Add component (AddParameter): Name = "Category"; Value = "CAPACITOR"; VariantName = "[No Variations]"
Add component (AddParameter): Name = "CompanyID"; Value = "VT-00292"; VariantName = "[No Variations]"
Add component (AddParameter): Name = "MFR"; Value = ""; VariantName = "[No Variations]"
Add component (AddParameter): Name = "MFR_URL"; Value = ""; VariantName = "[No Variations]"
Add component (AddParameter): Name = "MPN"; Value = "0805C225K8PAC7800"; VariantName = "[No Variations]"
Add component (AddParameter): Name = "PinCount"; Value = "2"; VariantName = "[No Variations]"
Add component (AddParameter): Name = "Solder"; Value = "SMT"; VariantName = "[No Variations]"
Add component (AddParameter): Name = "Value"; Value = "225/10V"; VariantName = "[No Variations]"
Added Component: Designator=C16(CAPC-0805 (2012))
Add component. Clean all parameters for all variants
Add component (AddParameter): Name = "Category"; Value = "CAPACITOR"; VariantName = "[No Variations]"
Add component (AddParameter): Name = "CompanyID"; Value = "VT-00292"; VariantName = "[No Variations]"
Add component (AddParameter): Name = "MFR"; Value = ""; VariantName = "[No Variations]"
Add component (AddParameter): Name = "MFR_URL"; Value = ""; VariantName = "[No Variations]"
Add component (AddParameter): Name = "MPN"; Value = "0805C225K8PAC7800"; VariantName = "[No Variations]"
Add component (AddParameter): Name = "PinCount"; Value = "2"; VariantName = "[No Variations]"
Add component (AddParameter): Name = "Solder"; Value = "SMT"; VariantName = "[No Variations]"
Add component (AddParameter): Name = "Value"; Value = "225/10V"; VariantName = "[No Variations]"
Added Pin To Net: NetName=RELAY1 Pin=C1-1
Added Pin To Net: NetName=NetD5_2 Pin=C1-2
Added Pin To Net: NetName=RELAY5 Pin=C2-1
Added Pin To Net: NetName=NetD6_2 Pin=C2-2
Added Pin To Net: NetName=RELAY9 Pin=C3-1
Added Pin To Net: NetName=NetD7_2 Pin=C3-2
Added Pin To Net: NetName=RELAY13 Pin=C4-1
Added Pin To Net: NetName=NetD8_2 Pin=C4-2
Added Pin To Net: NetName=RELAY2 Pin=C5-1
Added Pin To Net: NetName=NetD16_2 Pin=C5-2
Added Pin To Net: NetName=RELAY6 Pin=C6-1
Added Pin To Net: NetName=NetD13_2 Pin=C6-2
Added Pin To Net: NetName=RELAY10 Pin=C7-1
Added Pin To Net: NetName=NetD14_2 Pin=C7-2
Added Pin To Net: NetName=RELAY14 Pin=C8-1
Added Pin To Net: NetName=NetD15_2 Pin=C8-2
Added Pin To Net: NetName=RELAY3 Pin=C9-1
Added Pin To Net: NetName=NetD24_2 Pin=C9-2
Added Pin To Net: NetName=RELAY11 Pin=C10-1
Added Pin To Net: NetName=NetD21_2 Pin=C10-2
Added Pin To Net: NetName=RELAY15 Pin=C11-1
Added Pin To Net: NetName=NetD22_2 Pin=C11-2
Added Pin To Net: NetName=RELAY7 Pin=C12-1
Added Pin To Net: NetName=NetD20_2 Pin=C12-2
Added Pin To Net: NetName=RELAY4 Pin=C13-1
Added Pin To Net: NetName=NetD32_2 Pin=C13-2
Added Pin To Net: NetName=RELAY8 Pin=C14-1
Added Pin To Net: NetName=NetD28_2 Pin=C14-2
Added Pin To Net: NetName=RELAY12 Pin=C15-1
Added Pin To Net: NetName=NetD29_2 Pin=C15-2
Added Pin To Net: NetName=RELAY16 Pin=C16-1
Added Pin To Net: NetName=NetD30_2 Pin=C16-2
Change Net Name : Old Net Name=NetC7_2 New Net Name=NetC23_2
Change Net Name : Old Net Name=NetC8_2 New Net Name=NetC24_2
Change Net Name : Old Net Name=NetC9_2 New Net Name=NetC25_2
Change Net Name : Old Net Name=NetC10_2 New Net Name=NetC26_2
Change Net Name : Old Net Name=NetC11_2 New Net Name=NetC27_2
Change Net Name : Old Net Name=NetC12_2 New Net Name=NetC28_2
Change Net Name : Old Net Name=NetC13_2 New Net Name=NetC29_2
Change Net Name : Old Net Name=NetC14_2 New Net Name=NetC30_2
Change Net Name : Old Net Name=NetC18_2 New Net Name=NetC34_2
Change Net Name : Old Net Name=NetC19_2 New Net Name=NetC35_2
Change Net Name : Old Net Name=NetC20_2 New Net Name=NetC36_2
Change Net Name : Old Net Name=NetC21_2 New Net Name=NetC37_2
Change Net Name : Old Net Name=NetC22_2 New Net Name=NetC38_2
Change Net Name : Old Net Name=NetC23_2 New Net Name=NetC39_2
Change Net Name : Old Net Name=NetC24_2 New Net Name=NetC40_2
Change Net Name : Old Net Name=NetC25_2 New Net Name=NetC41_2
Change Net Name : Old Net Name=NetD2_1 New Net Name=NetD3_1
Change Net Name : Old Net Name=NetD3_1 New Net Name=NetD4_1
Change Net Name : Old Net Name=NetD4_1 New Net Name=NetD5_1
Change Net Name : Old Net Name=NetD5_2 New Net Name=NetC1_2
Change Net Name : Old Net Name=NetD6_2 New Net Name=NetC2_2
Change Net Name : Old Net Name=NetD7_2 New Net Name=NetC3_2
Change Net Name : Old Net Name=NetD8_2 New Net Name=NetC4_2
Change Net Name : Old Net Name=NetD9_1 New Net Name=NetD11_1
Change Net Name : Old Net Name=NetD10_1 New Net Name=NetD12_1
Change Net Name : Old Net Name=NetD11_1 New Net Name=NetD13_1
Change Net Name : Old Net Name=NetD12_1 New Net Name=NetD9_1
Change Net Name : Old Net Name=NetD13_2 New Net Name=NetC6_2
Change Net Name : Old Net Name=NetD14_2 New Net Name=NetC7_2
Change Net Name : Old Net Name=NetD15_2 New Net Name=NetC8_2
Change Net Name : Old Net Name=NetD16_2 New Net Name=NetC5_2
Change Net Name : Old Net Name=NetD17_1 New Net Name=NetD19_1
Change Net Name : Old Net Name=NetD18_1 New Net Name=NetD20_1
Change Net Name : Old Net Name=NetD19_1 New Net Name=NetD21_1
Change Net Name : Old Net Name=NetD20_2 New Net Name=NetC12_2
Change Net Name : Old Net Name=NetD21_2 New Net Name=NetC10_2
Change Net Name : Old Net Name=NetD22_2 New Net Name=NetC11_2
Change Net Name : Old Net Name=NetD23_1 New Net Name=NetD17_1
Change Net Name : Old Net Name=NetD24_2 New Net Name=NetC9_2
Change Net Name : Old Net Name=NetD25_1 New Net Name=NetD26_1
Change Net Name : Old Net Name=NetD26_1 New Net Name=NetD27_1
Change Net Name : Old Net Name=NetD27_1 New Net Name=NetD28_1
Change Net Name : Old Net Name=NetD28_2 New Net Name=NetC14_2
Change Net Name : Old Net Name=NetD29_2 New Net Name=NetC15_2
Change Net Name : Old Net Name=NetD30_2 New Net Name=NetC16_2
Change Net Name : Old Net Name=NetD31_1 New Net Name=NetD25_1
Change Net Name : Old Net Name=NetD32_2 New Net Name=NetC13_2
Change Net Name : Old Net Name=NetD37_1 New Net Name=NetD42_1
Change Net Name : Old Net Name=NetD38_1 New Net Name=NetD37_1
Change Net Name : Old Net Name=NetD39_1 New Net Name=NetD38_1
Change Net Name : Old Net Name=NetD40_1 New Net Name=NetD39_1
Change Net Name : Old Net Name=NetD41_1 New Net Name=NetD40_1
Added Member To Class: ClassName=baicuoiki Member=Component C26 225/10V
Added Member To Class: ClassName=baicuoiki Member=Component C27 225/10V
Added Member To Class: ClassName=baicuoiki Member=Component C28 225/10V
Added Member To Class: ClassName=baicuoiki Member=Component C29 225/10V
Added Member To Class: ClassName=baicuoiki Member=Component C30 225/10V
Added Member To Class: ClassName=baicuoiki Member=Component C31 Cap Pol 3mm
Added Member To Class: ClassName=baicuoiki Member=Component C32 225/10V
Added Member To Class: ClassName=baicuoiki Member=Component C33 Cap Pol 3mm
Added Member To Class: ClassName=baicuoiki Member=Component C34 225/10V
Added Member To Class: ClassName=baicuoiki Member=Component C35 225/10V
Added Member To Class: ClassName=baicuoiki Member=Component C36 225/10V
Added Member To Class: ClassName=baicuoiki Member=Component C37 225/10V
Added Member To Class: ClassName=baicuoiki Member=Component C38 225/10V
Added Member To Class: ClassName=baicuoiki Member=Component C39 225/10V
Added Member To Class: ClassName=baicuoiki Member=Component C40 225/10V
Added Member To Class: ClassName=baicuoiki Member=Component C41 225/10V
Added Room: Name=baicuoiki
