Removed Pin From Net: NetName=NetD25_2 Pin=U2-11
Removed Pin From Net: NetName=NetD17_2 Pin=U2-12
Removed Pin From Net: NetName=NetD9_2 Pin=U2-13
Removed Pin From Net: NetName=NetD2_2 Pin=U2-14
Removed Pin From Net: NetName=NetD31_2 Pin=U2-15
Removed Pin From Net: NetName=NetD23_2 Pin=U2-16
Removed Pin From Net: NetName=NetD12_2 Pin=U2-17
Removed Pin From Net: NetName=NetD1_2 Pin=U2-18
Removed Pin From Net: NetName=NetD27_2 Pin=U3-11
Removed Pin From Net: NetName=NetD19_2 Pin=U3-12
Removed Pin From Net: NetName=NetD11_2 Pin=U3-13
Removed Pin From Net: NetName=NetD4_2 Pin=U3-14
Removed Pin From Net: NetName=NetD26_2 Pin=U3-15
Removed Pin From Net: NetName=NetD18_2 Pin=U3-16
Removed Pin From Net: NetName=NetD10_2 Pin=U3-17
Removed Pin From Net: NetName=NetD3_2 Pin=U3-18
Change Net Name : Old Net Name=NetD1_2 New Net Name=RELAY1
Change Net Name : Old Net Name=NetD2_2 New Net Name=RELAY5
Change Net Name : Old Net Name=NetD3_2 New Net Name=RELAY9
Change Net Name : Old Net Name=NetD4_2 New Net Name=RELAY13
Change Net Name : Old Net Name=NetD9_2 New Net Name=RELAY6
Change Net Name : Old Net Name=NetD10_2 New Net Name=RELAY10
Change Net Name : Old Net Name=NetD11_2 New Net Name=RELAY14
Change Net Name : Old Net Name=NetD12_2 New Net Name=RELAY2
Change Net Name : Old Net Name=NetD17_2 New Net Name=RELAY7
Change Net Name : Old Net Name=NetD18_2 New Net Name=RELAY11
Change Net Name : Old Net Name=NetD19_2 New Net Name=RELAY15
Change Net Name : Old Net Name=NetD23_2 New Net Name=RELAY3
Change Net Name : Old Net Name=NetD25_2 New Net Name=RELAY8
Change Net Name : Old Net Name=NetD26_2 New Net Name=RELAY12
Change Net Name : Old Net Name=NetD27_2 New Net Name=RELAY16
Change Net Name : Old Net Name=NetD31_2 New Net Name=RELAY4
Added Pin To Net: NetName=NetU2_11 Pin=U2-11
Added Net: Name=NetU2_11
Added Pin To Net: NetName=NetU2_12 Pin=U2-12
Added Net: Name=NetU2_12
Added Pin To Net: NetName=NetU2_13 Pin=U2-13
Added Net: Name=NetU2_13
Added Pin To Net: NetName=NetU2_14 Pin=U2-14
Added Net: Name=NetU2_14
Added Pin To Net: NetName=NetU2_15 Pin=U2-15
Added Net: Name=NetU2_15
Added Pin To Net: NetName=NetU2_16 Pin=U2-16
Added Net: Name=NetU2_16
Added Pin To Net: NetName=NetU2_17 Pin=U2-17
Added Net: Name=NetU2_17
Added Pin To Net: NetName=NetU2_18 Pin=U2-18
Added Net: Name=NetU2_18
Added Pin To Net: NetName=NetU3_11 Pin=U3-11
Added Net: Name=NetU3_11
Added Pin To Net: NetName=NetU3_12 Pin=U3-12
Added Net: Name=NetU3_12
Added Pin To Net: NetName=NetU3_13 Pin=U3-13
Added Net: Name=NetU3_13
Added Pin To Net: NetName=NetU3_14 Pin=U3-14
Added Net: Name=NetU3_14
Added Pin To Net: NetName=NetU3_15 Pin=U3-15
Added Net: Name=NetU3_15
Added Pin To Net: NetName=NetU3_16 Pin=U3-16
Added Net: Name=NetU3_16
Added Pin To Net: NetName=NetU3_17 Pin=U3-17
Added Net: Name=NetU3_17
Added Pin To Net: NetName=NetU3_18 Pin=U3-18
Added Net: Name=NetU3_18
Added Room: Name=baicuoiki
